2025-06-20T03:48:39+02:00 | INDEX.PHP | Método: GET | URI: /
2025-06-20T03:48:39+02:00 | INDEX.PHP | Es solicitud API: No
2025-06-20T03:48:40+02:00 | INDEX.PHP | Método: GET | URI: /
2025-06-20T03:48:40+02:00 | INDEX.PHP | Es solicitud API: No
2025-06-20T03:48:40+02:00 | INDEX.PHP | Método: GET | URI: /
2025-06-20T03:48:40+02:00 | INDEX.PHP | Es solicitud API: No
2025-06-20T03:48:40+02:00 | INDEX.PHP | Método: GET | URI: /
2025-06-20T03:48:40+02:00 | INDEX.PHP | Es solicitud API: No
2025-06-20T04:03:17+02:00 | API.PHP | requestUri: /Itaipu-intranet/public/assets/img/avatar-placeholder.jpg | resource: public | id: assets
2025-06-20T04:03:17+02:00 | Router | Método: GET | Recurso: public | ID: assets
2025-06-20T04:03:18+02:00 | API.PHP | requestUri: /Itaipu-intranet/public/assets/img/avatar-placeholder.jpg | resource: public | id: assets
2025-06-20T04:03:18+02:00 | Router | Método: GET | Recurso: public | ID: assets
2025-06-20T04:03:18+02:00 | API.PHP | requestUri: /Itaipu-intranet/public/assets/img/avatar-placeholder.jpg | resource: public | id: assets
2025-06-20T04:03:18+02:00 | Router | Método: GET | Recurso: public | ID: assets
2025-06-20T04:03:18+02:00 | API.PHP | requestUri: /Itaipu-intranet/public/assets/img/avatar-placeholder.jpg | resource: public | id: assets
2025-06-20T04:03:18+02:00 | Router | Método: GET | Recurso: public | ID: assets
2025-06-20T04:03:18+02:00 | API.PHP | requestUri: /Itaipu-intranet/public/assets/img/avatar-placeholder.jpg | resource: public | id: assets
2025-06-20T04:03:18+02:00 | Router | Método: GET | Recurso: public | ID: assets
2025-06-20T04:23:09+02:00 | NUEVA API SOLICITUD | /Itaipu-intranet/app/api.php/funcionarios | Método: GET
2025-06-20T04:23:09+02:00 | API.php SCRIPT EJECUTADO INICIO
2025-06-20T04:23:09+02:00 | API.php iniciado (después de ob_start) | URI: /Itaipu-intranet/app/api.php/funcionarios | Método: GET
2025-06-20T04:23:09+02:00 | API.php | ERROR CAPTURADO: Failed opening required 'C:\xampp\htdocs\Itaipu-intranet\app/core/Database.php' (include_path='.;C:\php\pear') | Archivo: C:\xampp\htdocs\Itaipu-intranet\app\api.php | Línea: 49 | Trace: #0 {main}
2025-06-20T04:23:09+02:00 | API.php SCRIPT EJECUTADO FIN
2025-06-20T04:26:21+02:00 | NOVA SOLICITAÇÃO API | /Itaipu-intranet/app/api.php/funcionarios | Método: GET
2025-06-20T04:26:21+02:00 | SCRIPT API.php EXECUTADO INICIO
2025-06-20T04:26:21+02:00 | API.php iniciado (depois de ob_start) | URI: /Itaipu-intranet/app/api.php/funcionarios | Método: GET
2025-06-20T04:26:21+02:00 | API.php | ERRO CAPTURADO: Failed opening required 'C:\xampp\htdocs\Itaipu-intranet\app/core/Database.php' (include_path='.;C:\php\pear') | Arquivo: C:\xampp\htdocs\Itaipu-intranet\app\api.php | Linha: 49 | Trace: #0 {main}
2025-06-20T04:26:21+02:00 | SCRIPT API.php EXECUTADO FIN
2025-06-20T04:35:53+02:00 | NOVA SOLICITAÇÃO API | /Itaipu-intranet/app/api.php/funcionarios | Método: GET
2025-06-20T04:35:53+02:00 | SCRIPT API.php EXECUTADO INICIO
2025-06-20T04:35:53+02:00 | API.php iniciado (depois de ob_start) | URI: /Itaipu-intranet/app/api.php/funcionarios | Método: GET
2025-06-20T04:35:53+02:00 | API.php | Arquivos core e controllers carregados.
2025-06-20T04:35:53+02:00 | API.php | ERRO CAPTURADO: Call to undefined method Router::get() | Arquivo: C:\xampp\htdocs\Itaipu-intranet\app\api.php | Linha: 61 | Trace: #0 {main}
2025-06-20T04:35:53+02:00 | SCRIPT API.php EXECUTADO FIN
2025-06-20T04:35:53+02:00 | NOVA SOLICITAÇÃO API | /Itaipu-intranet/app/api.php/funcionarios | Método: GET
2025-06-20T04:35:53+02:00 | SCRIPT API.php EXECUTADO INICIO
2025-06-20T04:35:53+02:00 | API.php iniciado (depois de ob_start) | URI: /Itaipu-intranet/app/api.php/funcionarios | Método: GET
2025-06-20T04:35:53+02:00 | API.php | Arquivos core e controllers carregados.
2025-06-20T04:35:53+02:00 | API.php | ERRO CAPTURADO: Call to undefined method Router::get() | Arquivo: C:\xampp\htdocs\Itaipu-intranet\app\api.php | Linha: 61 | Trace: #0 {main}
2025-06-20T04:35:53+02:00 | SCRIPT API.php EXECUTADO FIN
[2025-06-20T04:59:46+02:00] GET /Itaipu-intranet/app/api.php/funcionarios
[2025-06-20T05:03:46+02:00] GET /Itaipu-intranet/app/api.php?_url=/funcionarios
[2025-06-20T05:05:05+02:00] GET /Itaipu-intranet/app/api.php?_url=/funcionarios
[2025-06-20T05:06:45+02:00] GET /Itaipu-intranet/app/api.php?_url=/funcionarios
[2025-06-20T05:06:48+02:00] GET /Itaipu-intranet/app/api.php?_url=/crachas
[2025-06-20T05:07:03+02:00] GET /Itaipu-intranet/app/api.php?_url=/funcionarios
[2025-06-20T09:29:39+02:00] GET /Itaipu-intranet/app/api.php?_url=/funcionarios
[2025-06-20T09:29:49+02:00] GET /Itaipu-intranet/app/api.php?_url=/funcionarios
[2025-06-20T09:30:03+02:00] GET /Itaipu-intranet/app/api.php?_url=/funcionarios
[2025-06-20T09:30:04+02:00] GET /Itaipu-intranet/app/api.php?_url=/funcionarios
[2025-06-20T09:30:04+02:00] GET /Itaipu-intranet/app/api.php?_url=/funcionarios
[2025-06-20T09:30:04+02:00] GET /Itaipu-intranet/app/api.php?_url=/funcionarios
2025-06-20T09:31:59+02:00 | API.PHP | requestUri: /Itaipu-intranet/public/api.php/funcionarios/%7Bid%7D | resource: public | id: api.php
2025-06-20T09:32:00+02:00 | API.PHP | requestUri: /Itaipu-intranet/public/api.php/funcionarios/%7Bid%7D | resource: public | id: api.php
2025-06-20T09:32:28+02:00 | API.PHP | requestUri: /Itaipu-intranet/public/api.php/funcionarios/%7Bid%7D | resource: public | id: api.php
2025-06-20T09:32:29+02:00 | API.PHP | requestUri: /Itaipu-intranet/public/api.php/funcionarios/%7Bid%7D | resource: public | id: api.php
2025-06-20T09:33:55+02:00 | API.PHP | requestUri: /Itaipu-intranet/public/api.php/funcionarios/%7Bid%7D | resource: public | id: api.php
2025-06-20T09:33:55+02:00 | API.PHP | requestUri: /Itaipu-intranet/public/api.php/funcionarios/%7Bid%7D | resource: public | id: api.php
2025-06-20T09:33:56+02:00 | API.PHP | requestUri: /Itaipu-intranet/public/api.php/funcionarios/%7Bid%7D | resource: public | id: api.php
2025-06-20T09:33:56+02:00 | API.PHP | requestUri: /Itaipu-intranet/public/api.php/funcionarios/%7Bid%7D | resource: public | id: api.php
2025-06-20T09:33:56+02:00 | API.PHP | requestUri: /Itaipu-intranet/public/api.php/funcionarios/%7Bid%7D | resource: public | id: api.php
2025-06-20T09:33:56+02:00 | API.PHP | requestUri: /Itaipu-intranet/public/api.php/funcionarios/%7Bid%7D | resource: public | id: api.php
2025-06-20T09:33:57+02:00 | API.PHP | requestUri: /Itaipu-intranet/public/api.php/funcionarios/%7Bid%7D | resource: public | id: api.php
2025-06-20T09:35:08+02:00 | API.PHP | requestUri: /Itaipu-intranet/public/api.php/funcionarios/%7Bid%7D | resource: public | id: api.php
2025-06-20T09:35:09+02:00 | API.PHP | requestUri: /Itaipu-intranet/public/api.php/funcionarios/%7Bid%7D | resource: public | id: api.php
2025-06-20T09:35:09+02:00 | API.PHP | requestUri: /Itaipu-intranet/public/api.php/funcionarios/%7Bid%7D | resource: public | id: api.php
2025-06-20T09:35:09+02:00 | API.PHP | requestUri: /Itaipu-intranet/public/api.php/funcionarios/%7Bid%7D | resource: public | id: api.php
2025-06-20T09:35:15+02:00 | API.PHP | requestUri: /Itaipu-intranet/public/api.php/funcionarios/ | resource: public | id: api.php
[2025-06-20T09:37:29+02:00] GET /Itaipu-intranet/app/api.php?_url=/funcionarios
[2025-06-20T09:37:30+02:00] GET /Itaipu-intranet/app/api.php?_url=/funcionarios
[2025-06-20T09:37:59+02:00] GET /Itaipu-intranet/app/api.php?_url=/funcionarios
2025-06-20T09:38:25+02:00 | API.PHP | requestUri: /Itaipu-intranet/public/api.php/test-router | resource: public | id: api.php
2025-06-20T09:39:12+02:00 | API.PHP | requestUri: /Itaipu-intranet/public/api.php/test-router | resource: public | id: api.php
2025-06-20T09:39:13+02:00 | API.PHP | requestUri: /Itaipu-intranet/public/api.php/test-router | resource: public | id: api.php
2025-06-20T09:39:13+02:00 | API.PHP | requestUri: /Itaipu-intranet/public/api.php/test-router | resource: public | id: api.php
2025-06-20T09:39:14+02:00 | API.PHP | requestUri: /Itaipu-intranet/public/api.php/test-router | resource: public | id: api.php
2025-06-20T09:40:17+02:00 | API.PHP | requestUri: /Itaipu-intranet/public/api.php/test-router | resource: public | id: api.php
2025-06-20T09:40:18+02:00 | API.PHP | requestUri: /Itaipu-intranet/public/api.php/test-router | resource: public | id: api.php
2025-06-20T09:44:50+02:00 | API.PHP | requestUri: /Itaipu-intranet/public/api.php/funcionarios | resource: public | id: api.php
2025-06-20T09:44:55+02:00 | API.PHP | requestUri: /Itaipu-intranet/public/api.php/funcionario | resource: public | id: api.php
[2025-06-20T09:46:15+02:00] GET /Itaipu-intranet/public/api.php/funcionario
[2025-06-20T09:46:59+02:00] GET /Itaipu-intranet/public/api.php/test-router
[2025-06-20T09:47:14+02:00] GET /Itaipu-intranet/public/api.php/funcionarios
[2025-06-20T09:47:21+02:00] GET /Itaipu-intranet/public/api.php/auth/login
[2025-06-20T09:48:58+02:00] GET /Itaipu-intranet/public/funcionarios
[2025-06-20T09:49:16+02:00] GET /Itaipu-intranet/public/test-router
[2025-06-20T09:57:26+02:00] GET /Itaipu-intranet/public/test-router
[2025-06-20T09:57:33+02:00] GET /Itaipu-intranet/public/funcionarios
[2025-06-20T09:57:37+02:00] GET /Itaipu-intranet/public/api.php?_url=/test-router
[2025-06-20T09:57:59+02:00] GET /Itaipu-intranet/public/test-router
[2025-06-20T10:00:18+02:00] GET /Itaipu-intranet/public/test-router
Array
(
    [REDIRECT_MIBDIRS] => C:/xampp/php/extras/mibs
    [REDIRECT_MYSQL_HOME] => \xampp\mysql\bin
    [REDIRECT_OPENSSL_CONF] => C:/xampp/apache/bin/openssl.cnf
    [REDIRECT_PHP_PEAR_SYSCONF_DIR] => \xampp\php
    [REDIRECT_PHPRC] => \xampp\php
    [REDIRECT_TMP] => \xampp\tmp
    [REDIRECT_STATUS] => 200
    [MIBDIRS] => C:/xampp/php/extras/mibs
    [MYSQL_HOME] => \xampp\mysql\bin
    [OPENSSL_CONF] => C:/xampp/apache/bin/openssl.cnf
    [PHP_PEAR_SYSCONF_DIR] => \xampp\php
    [PHPRC] => \xampp\php
    [TMP] => \xampp\tmp
    [HTTP_HOST] => localhost
    [HTTP_CONNECTION] => keep-alive
    [HTTP_SEC_CH_UA] => "Google Chrome";v="137", "Chromium";v="137", "Not/A)Brand";v="24"
    [HTTP_SEC_CH_UA_MOBILE] => ?0
    [HTTP_SEC_CH_UA_PLATFORM] => "Windows"
    [HTTP_UPGRADE_INSECURE_REQUESTS] => 1
    [HTTP_USER_AGENT] => Mozilla/5.0 (Windows NT 10.0; Win64; x64) AppleWebKit/537.36 (KHTML, like Gecko) Chrome/137.0.0.0 Safari/537.36
    [HTTP_ACCEPT] => text/html,application/xhtml+xml,application/xml;q=0.9,image/avif,image/webp,image/apng,*/*;q=0.8,application/signed-exchange;v=b3;q=0.7
    [HTTP_SEC_FETCH_SITE] => none
    [HTTP_SEC_FETCH_MODE] => navigate
    [HTTP_SEC_FETCH_USER] => ?1
    [HTTP_SEC_FETCH_DEST] => document
    [HTTP_ACCEPT_ENCODING] => gzip, deflate, br, zstd
    [HTTP_ACCEPT_LANGUAGE] => pt-PT,pt;q=0.9,en-US;q=0.8,en;q=0.7
    [PATH] => C:\WINDOWS\system32;C:\WINDOWS;C:\WINDOWS\System32\Wbem;C:\WINDOWS\System32\WindowsPowerShell\v1.0\;C:\WINDOWS\System32\OpenSSH\;C:\Program Files\dotnet\;C:\xampp\php;C:\composer;C:\Program Files\nodejs\;C:\Program Files\Git\cmd;C:\Users\User\AppData\Local\Programs\Python\Launcher\;C:\Users\User\AppData\Local\Microsoft\WindowsApps;C:\Users\User\AppData\Local\Programs\Microsoft VS Code\bin;C:\Users\User\AppData\Roaming\Composer\vendor\bin;C:\Users\User\AppData\Roaming\npm
    [SystemRoot] => C:\WINDOWS
    [COMSPEC] => C:\WINDOWS\system32\cmd.exe
    [PATHEXT] => .COM;.EXE;.BAT;.CMD;.VBS;.VBE;.JS;.JSE;.WSF;.WSH;.MSC
    [WINDIR] => C:\WINDOWS
    [SERVER_SIGNATURE] => <address>Apache/2.4.58 (Win64) OpenSSL/3.1.3 PHP/8.2.12 Server at localhost Port 80</address>

    [SERVER_SOFTWARE] => Apache/2.4.58 (Win64) OpenSSL/3.1.3 PHP/8.2.12
    [SERVER_NAME] => localhost
    [SERVER_ADDR] => ::1
    [SERVER_PORT] => 80
    [REMOTE_ADDR] => ::1
    [DOCUMENT_ROOT] => C:/xampp/htdocs
    [REQUEST_SCHEME] => http
    [CONTEXT_PREFIX] => 
    [CONTEXT_DOCUMENT_ROOT] => C:/xampp/htdocs
    [SERVER_ADMIN] => postmaster@localhost
    [SCRIPT_FILENAME] => C:/xampp/htdocs/Itaipu-intranet/public/api.php
    [REMOTE_PORT] => 52534
    [REDIRECT_URL] => /Itaipu-intranet/public/test-router
    [REDIRECT_QUERY_STRING] => _url=/test-router
    [GATEWAY_INTERFACE] => CGI/1.1
    [SERVER_PROTOCOL] => HTTP/1.1
    [REQUEST_METHOD] => GET
    [QUERY_STRING] => _url=/test-router
    [REQUEST_URI] => /Itaipu-intranet/public/test-router
    [SCRIPT_NAME] => /Itaipu-intranet/public/api.php
    [PHP_SELF] => /Itaipu-intranet/public/api.php
    [REQUEST_TIME_FLOAT] => 1750406418.8416
    [REQUEST_TIME] => 1750406418
)
[2025-06-20T10:03:29+02:00] GET /Itaipu-intranet/public/test-router
Array
(
    [REDIRECT_MIBDIRS] => C:/xampp/php/extras/mibs
    [REDIRECT_MYSQL_HOME] => \xampp\mysql\bin
    [REDIRECT_OPENSSL_CONF] => C:/xampp/apache/bin/openssl.cnf
    [REDIRECT_PHP_PEAR_SYSCONF_DIR] => \xampp\php
    [REDIRECT_PHPRC] => \xampp\php
    [REDIRECT_TMP] => \xampp\tmp
    [REDIRECT_STATUS] => 200
    [MIBDIRS] => C:/xampp/php/extras/mibs
    [MYSQL_HOME] => \xampp\mysql\bin
    [OPENSSL_CONF] => C:/xampp/apache/bin/openssl.cnf
    [PHP_PEAR_SYSCONF_DIR] => \xampp\php
    [PHPRC] => \xampp\php
    [TMP] => \xampp\tmp
    [HTTP_HOST] => localhost
    [HTTP_CONNECTION] => keep-alive
    [HTTP_SEC_CH_UA] => "Microsoft Edge";v="137", "Chromium";v="137", "Not/A)Brand";v="24"
    [HTTP_SEC_CH_UA_MOBILE] => ?0
    [HTTP_SEC_CH_UA_PLATFORM] => "Windows"
    [HTTP_UPGRADE_INSECURE_REQUESTS] => 1
    [HTTP_USER_AGENT] => Mozilla/5.0 (Windows NT 10.0; Win64; x64) AppleWebKit/537.36 (KHTML, like Gecko) Chrome/137.0.0.0 Safari/537.36 Edg/137.0.0.0
    [HTTP_ACCEPT] => text/html,application/xhtml+xml,application/xml;q=0.9,image/avif,image/webp,image/apng,*/*;q=0.8,application/signed-exchange;v=b3;q=0.7
    [HTTP_SEC_FETCH_SITE] => none
    [HTTP_SEC_FETCH_MODE] => navigate
    [HTTP_SEC_FETCH_USER] => ?1
    [HTTP_SEC_FETCH_DEST] => document
    [HTTP_ACCEPT_ENCODING] => gzip, deflate, br, zstd
    [HTTP_ACCEPT_LANGUAGE] => pt-PT,pt;q=0.9,pt-BR;q=0.8,en;q=0.7,en-US;q=0.6,en-GB;q=0.5
    [HTTP_COOKIE] => PHPSESSID=le2hk0bnd5mqkagi88datv4f0i
    [PATH] => C:\WINDOWS\system32;C:\WINDOWS;C:\WINDOWS\System32\Wbem;C:\WINDOWS\System32\WindowsPowerShell\v1.0\;C:\WINDOWS\System32\OpenSSH\;C:\Program Files\dotnet\;C:\xampp\php;C:\composer;C:\Program Files\nodejs\;C:\Program Files\Git\cmd;C:\Users\User\AppData\Local\Programs\Python\Launcher\;C:\Users\User\AppData\Local\Microsoft\WindowsApps;C:\Users\User\AppData\Local\Programs\Microsoft VS Code\bin;C:\Users\User\AppData\Roaming\Composer\vendor\bin;C:\Users\User\AppData\Roaming\npm
    [SystemRoot] => C:\WINDOWS
    [COMSPEC] => C:\WINDOWS\system32\cmd.exe
    [PATHEXT] => .COM;.EXE;.BAT;.CMD;.VBS;.VBE;.JS;.JSE;.WSF;.WSH;.MSC
    [WINDIR] => C:\WINDOWS
    [SERVER_SIGNATURE] => <address>Apache/2.4.58 (Win64) OpenSSL/3.1.3 PHP/8.2.12 Server at localhost Port 80</address>

    [SERVER_SOFTWARE] => Apache/2.4.58 (Win64) OpenSSL/3.1.3 PHP/8.2.12
    [SERVER_NAME] => localhost
    [SERVER_ADDR] => ::1
    [SERVER_PORT] => 80
    [REMOTE_ADDR] => ::1
    [DOCUMENT_ROOT] => C:/xampp/htdocs
    [REQUEST_SCHEME] => http
    [CONTEXT_PREFIX] => 
    [CONTEXT_DOCUMENT_ROOT] => C:/xampp/htdocs
    [SERVER_ADMIN] => postmaster@localhost
    [SCRIPT_FILENAME] => C:/xampp/htdocs/Itaipu-intranet/public/api.php
    [REMOTE_PORT] => 52635
    [REDIRECT_URL] => /Itaipu-intranet/public/test-router
    [REDIRECT_QUERY_STRING] => _url=/test-router
    [GATEWAY_INTERFACE] => CGI/1.1
    [SERVER_PROTOCOL] => HTTP/1.1
    [REQUEST_METHOD] => GET
    [QUERY_STRING] => _url=/test-router
    [REQUEST_URI] => /Itaipu-intranet/public/test-router
    [SCRIPT_NAME] => /Itaipu-intranet/public/api.php
    [PHP_SELF] => /Itaipu-intranet/public/api.php
    [REQUEST_TIME_FLOAT] => 1750406609.2355
    [REQUEST_TIME] => 1750406609
)
